0 info it worked if it ends with ok
1 verbose cli [ 'C:\\Program Files\\nodejs\\node.exe',
1 verbose cli   'C:\\Program Files\\nodejs\\node_modules\\npm\\bin\\npm-cli.js',
1 verbose cli   'install',
1 verbose cli   '--save',
1 verbose cli   'matplotnode' ]
2 info using npm@4.1.2
3 info using node@v7.6.0
4 silly loadCurrentTree Starting
5 silly install loadCurrentTree
6 silly install readLocalPackageData
7 silly fetchPackageMetaData matplotnode
8 silly fetchNamedPackageData matplotnode
9 silly mapToRegistry name matplotnode
10 silly mapToRegistry using default registry
11 silly mapToRegistry registry https://registry.npmjs.org/
12 silly mapToRegistry data Result {
12 silly mapToRegistry   raw: 'matplotnode',
12 silly mapToRegistry   scope: null,
12 silly mapToRegistry   escapedName: 'matplotnode',
12 silly mapToRegistry   name: 'matplotnode',
12 silly mapToRegistry   rawSpec: '',
12 silly mapToRegistry   spec: 'latest',
12 silly mapToRegistry   type: 'tag' }
13 silly mapToRegistry uri https://registry.npmjs.org/matplotnode
14 verbose request uri https://registry.npmjs.org/matplotnode
15 verbose request no auth needed
16 info attempt registry request try #1 at 00:37:58
17 verbose request id a901abc9ff710610
18 verbose etag W/"57ccb6a2-1aa3"
19 verbose lastModified Mon, 05 Sep 2016 00:04:50 GMT
20 http request GET https://registry.npmjs.org/matplotnode
21 http 304 https://registry.npmjs.org/matplotnode
22 verbose headers { date: 'Mon, 01 May 2017 22:37:53 GMT',
22 verbose headers   via: '1.1 varnish',
22 verbose headers   'cache-control': 'max-age=300',
22 verbose headers   etag: 'W/"57ccb6a2-1aa3"',
22 verbose headers   age: '0',
22 verbose headers   connection: 'keep-alive',
22 verbose headers   'x-served-by': 'cache-mad9434-MAD',
22 verbose headers   'x-cache': 'HIT',
22 verbose headers   'x-cache-hits': '1',
22 verbose headers   'x-timer': 'S1493678274.510197,VS0,VE203',
22 verbose headers   vary: 'Accept-Encoding' }
23 silly get cb [ 304,
23 silly get   { date: 'Mon, 01 May 2017 22:37:53 GMT',
23 silly get     via: '1.1 varnish',
23 silly get     'cache-control': 'max-age=300',
23 silly get     etag: 'W/"57ccb6a2-1aa3"',
23 silly get     age: '0',
23 silly get     connection: 'keep-alive',
23 silly get     'x-served-by': 'cache-mad9434-MAD',
23 silly get     'x-cache': 'HIT',
23 silly get     'x-cache-hits': '1',
23 silly get     'x-timer': 'S1493678274.510197,VS0,VE203',
23 silly get     vary: 'Accept-Encoding' } ]
24 verbose etag https://registry.npmjs.org/matplotnode from cache
25 verbose get saving matplotnode to C:\Users\Jose\AppData\Roaming\npm-cache\registry.npmjs.org\matplotnode\.cache.json
26 verbose correctMkdir C:\Users\Jose\AppData\Roaming\npm-cache correctMkdir not in flight; initializing
27 silly install normalizeTree
28 silly loadCurrentTree Finishing
29 silly loadIdealTree Starting
30 silly install loadIdealTree
31 silly cloneCurrentTree Starting
32 silly install cloneCurrentTreeToIdealTree
33 silly cloneCurrentTree Finishing
34 silly loadShrinkwrap Starting
35 silly install loadShrinkwrap
36 silly loadShrinkwrap Finishing
37 silly loadAllDepsIntoIdealTree Starting
38 silly install loadAllDepsIntoIdealTree
39 silly resolveWithNewModule matplotnode@0.1.3 checking installable status
40 silly cache add args [ 'matplotnode', null ]
41 verbose cache add spec matplotnode
42 silly cache add parsed spec Result {
42 silly cache add   raw: 'matplotnode',
42 silly cache add   scope: null,
42 silly cache add   escapedName: 'matplotnode',
42 silly cache add   name: 'matplotnode',
42 silly cache add   rawSpec: '',
42 silly cache add   spec: 'latest',
42 silly cache add   type: 'tag' }
43 silly addNamed matplotnode@latest
44 verbose addNamed "latest" is being treated as a dist-tag for matplotnode
45 info addNameTag [ 'matplotnode', 'latest' ]
46 silly mapToRegistry name matplotnode
47 silly mapToRegistry using default registry
48 silly mapToRegistry registry https://registry.npmjs.org/
49 silly mapToRegistry data Result {
49 silly mapToRegistry   raw: 'matplotnode',
49 silly mapToRegistry   scope: null,
49 silly mapToRegistry   escapedName: 'matplotnode',
49 silly mapToRegistry   name: 'matplotnode',
49 silly mapToRegistry   rawSpec: '',
49 silly mapToRegistry   spec: 'latest',
49 silly mapToRegistry   type: 'tag' }
50 silly mapToRegistry uri https://registry.npmjs.org/matplotnode
51 verbose addNameTag registry:https://registry.npmjs.org/matplotnode not in flight; fetching
52 verbose get https://registry.npmjs.org/matplotnode not expired, no request
53 silly addNameTag next cb for matplotnode with tag latest
54 silly addNamed matplotnode@0.1.3
55 verbose addNamed "0.1.3" is a plain semver version for matplotnode
56 silly cache afterAdd matplotnode@0.1.3
57 verbose afterAdd C:\Users\Jose\AppData\Roaming\npm-cache\matplotnode\0.1.3\package\package.json not in flight; writing
58 verbose correctMkdir C:\Users\Jose\AppData\Roaming\npm-cache correctMkdir not in flight; initializing
59 verbose afterAdd C:\Users\Jose\AppData\Roaming\npm-cache\matplotnode\0.1.3\package\package.json written
60 silly fetchNamedPackageData fsevents
61 silly mapToRegistry name fsevents
62 silly mapToRegistry using default registry
63 silly mapToRegistry registry https://registry.npmjs.org/
64 silly mapToRegistry data Result {
64 silly mapToRegistry   raw: 'fsevents',
64 silly mapToRegistry   scope: null,
64 silly mapToRegistry   escapedName: 'fsevents',
64 silly mapToRegistry   name: 'fsevents',
64 silly mapToRegistry   rawSpec: '',
64 silly mapToRegistry   spec: 'latest',
64 silly mapToRegistry   type: 'tag' }
65 silly mapToRegistry uri https://registry.npmjs.org/fsevents
66 verbose request uri https://registry.npmjs.org/fsevents
67 verbose request no auth needed
68 info attempt registry request try #1 at 00:38:00
69 verbose etag W/"58cbe1d5-d5e6"
70 verbose lastModified Fri, 17 Mar 2017 13:17:09 GMT
71 http request GET https://registry.npmjs.org/fsevents
72 http 304 https://registry.npmjs.org/fsevents
73 verbose headers { date: 'Mon, 01 May 2017 22:37:54 GMT',
73 verbose headers   via: '1.1 varnish',
73 verbose headers   'cache-control': 'max-age=300',
73 verbose headers   etag: 'W/"58cbe1d5-d5e6"',
73 verbose headers   age: '193',
73 verbose headers   connection: 'keep-alive',
73 verbose headers   'x-served-by': 'cache-mad9434-MAD',
73 verbose headers   'x-cache': 'HIT',
73 verbose headers   'x-cache-hits': '1',
73 verbose headers   'x-timer': 'S1493678275.663607,VS0,VE0',
73 verbose headers   vary: 'Accept-Encoding' }
74 silly get cb [ 304,
74 silly get   { date: 'Mon, 01 May 2017 22:37:54 GMT',
74 silly get     via: '1.1 varnish',
74 silly get     'cache-control': 'max-age=300',
74 silly get     etag: 'W/"58cbe1d5-d5e6"',
74 silly get     age: '193',
74 silly get     connection: 'keep-alive',
74 silly get     'x-served-by': 'cache-mad9434-MAD',
74 silly get     'x-cache': 'HIT',
74 silly get     'x-cache-hits': '1',
74 silly get     'x-timer': 'S1493678275.663607,VS0,VE0',
74 silly get     vary: 'Accept-Encoding' } ]
75 verbose etag https://registry.npmjs.org/fsevents from cache
76 verbose get saving fsevents to C:\Users\Jose\AppData\Roaming\npm-cache\registry.npmjs.org\fsevents\.cache.json
77 verbose correctMkdir C:\Users\Jose\AppData\Roaming\npm-cache correctMkdir not in flight; initializing
78 silly pickManifestFromRegistryMetadata spec >=1.0.0 <2.0.0 tag latest versions [ '0.1.1',
78 silly pickManifestFromRegistryMetadata   '0.1.3',
78 silly pickManifestFromRegistryMetadata   '0.1.4',
78 silly pickManifestFromRegistryMetadata   '0.1.5',
78 silly pickManifestFromRegistryMetadata   '0.1.6',
78 silly pickManifestFromRegistryMetadata   '0.2.0',
78 silly pickManifestFromRegistryMetadata   '0.3.0',
78 silly pickManifestFromRegistryMetadata   '0.3.1',
78 silly pickManifestFromRegistryMetadata   '0.3.2',
78 silly pickManifestFromRegistryMetadata   '0.3.3',
78 silly pickManifestFromRegistryMetadata   '0.3.4',
78 silly pickManifestFromRegistryMetadata   '0.3.5',
78 silly pickManifestFromRegistryMetadata   '0.3.6',
78 silly pickManifestFromRegistryMetadata   '0.3.7',
78 silly pickManifestFromRegistryMetadata   '0.3.8',
78 silly pickManifestFromRegistryMetadata   '1.0.0',
78 silly pickManifestFromRegistryMetadata   '1.0.1',
78 silly pickManifestFromRegistryMetadata   '1.0.2',
78 silly pickManifestFromRegistryMetadata   '1.0.3',
78 silly pickManifestFromRegistryMetadata   '1.0.4',
78 silly pickManifestFromRegistryMetadata   '1.0.5',
78 silly pickManifestFromRegistryMetadata   '1.0.6',
78 silly pickManifestFromRegistryMetadata   '1.0.7',
78 silly pickManifestFromRegistryMetadata   '1.0.8',
78 silly pickManifestFromRegistryMetadata   '1.0.9',
78 silly pickManifestFromRegistryMetadata   '1.0.10',
78 silly pickManifestFromRegistryMetadata   '1.0.11',
78 silly pickManifestFromRegistryMetadata   '1.0.12',
78 silly pickManifestFromRegistryMetadata   '1.0.14',
78 silly pickManifestFromRegistryMetadata   '1.0.15',
78 silly pickManifestFromRegistryMetadata   '1.0.17',
78 silly pickManifestFromRegistryMetadata   '1.0.18-0',
78 silly pickManifestFromRegistryMetadata   '1.1.0',
78 silly pickManifestFromRegistryMetadata   '1.1.1' ]
79 silly resolveWithNewModule fsevents@1.1.1 checking installable status
80 silly loadAllDepsIntoIdealTree Finishing
81 silly loadIdealTree Finishing
82 silly currentTree node@1.0.0
82 silly currentTree +-- @types/bluebird@3.5.3
82 silly currentTree +-- @types/node@7.0.14
82 silly currentTree +-- abbrev@1.1.0
82 silly currentTree +-- acorn@1.2.2
82 silly currentTree +-- agent-base@2.0.1
82 silly currentTree +-- align-text@0.1.4
82 silly currentTree +-- amdefine@1.0.1
82 silly currentTree +-- ansi-align@1.1.0
82 silly currentTree | +-- is-fullwidth-code-point@1.0.0
82 silly currentTree | `-- string-width@1.0.2
82 silly currentTree +-- ansi-escapes@1.4.0
82 silly currentTree +-- ansi-regex@2.1.1
82 silly currentTree +-- ansi-styles@2.2.1
82 silly currentTree +-- any-promise@1.3.0
82 silly currentTree +-- anymatch@1.3.0
82 silly currentTree +-- archy@1.0.0
82 silly currentTree +-- arr-diff@2.0.0
82 silly currentTree +-- arr-flatten@1.0.3
82 silly currentTree +-- array-uniq@1.0.3
82 silly currentTree +-- array-unique@0.2.1
82 silly currentTree +-- arrify@1.0.1
82 silly currentTree +-- async-each@1.0.1
82 silly currentTree +-- asynckit@0.4.0
82 silly currentTree +-- babel-cli@6.24.1
82 silly currentTree +-- babel-code-frame@6.22.0
82 silly currentTree +-- babel-core@6.24.1
82 silly currentTree +-- babel-generator@6.24.1
82 silly currentTree +-- babel-helper-bindify-decorators@6.24.1
82 silly currentTree +-- babel-helper-builder-binary-assignment-operator-visitor@6.24.1
82 silly currentTree +-- babel-helper-call-delegate@6.24.1
82 silly currentTree +-- babel-helper-define-map@6.24.1
82 silly currentTree +-- babel-helper-explode-assignable-expression@6.24.1
82 silly currentTree +-- babel-helper-explode-class@6.24.1
82 silly currentTree +-- babel-helper-function-name@6.24.1
82 silly currentTree +-- babel-helper-get-function-arity@6.24.1
82 silly currentTree +-- babel-helper-hoist-variables@6.24.1
82 silly currentTree +-- babel-helper-optimise-call-expression@6.24.1
82 silly currentTree +-- babel-helper-regex@6.24.1
82 silly currentTree +-- babel-helper-remap-async-to-generator@6.24.1
82 silly currentTree +-- babel-helper-replace-supers@6.24.1
82 silly currentTree +-- babel-helpers@6.24.1
82 silly currentTree +-- babel-messages@6.23.0
82 silly currentTree +-- babel-plugin-check-es2015-constants@6.22.0
82 silly currentTree +-- babel-plugin-syntax-async-functions@6.13.0
82 silly currentTree +-- babel-plugin-syntax-async-generators@6.13.0
82 silly currentTree +-- babel-plugin-syntax-class-properties@6.13.0
82 silly currentTree +-- babel-plugin-syntax-decorators@6.13.0
82 silly currentTree +-- babel-plugin-syntax-dynamic-import@6.18.0
82 silly currentTree +-- babel-plugin-syntax-exponentiation-operator@6.13.0
82 silly currentTree +-- babel-plugin-syntax-object-rest-spread@6.13.0
82 silly currentTree +-- babel-plugin-syntax-trailing-function-commas@6.22.0
82 silly currentTree +-- babel-plugin-transform-async-generator-functions@6.24.1
82 silly currentTree +-- babel-plugin-transform-async-to-generator@6.24.1
82 silly currentTree +-- babel-plugin-transform-class-properties@6.24.1
82 silly currentTree +-- babel-plugin-transform-decorators@6.24.1
82 silly currentTree +-- babel-plugin-transform-es2015-arrow-functions@6.22.0
82 silly currentTree +-- babel-plugin-transform-es2015-block-scoped-functions@6.22.0
82 silly currentTree +-- babel-plugin-transform-es2015-block-scoping@6.24.1
82 silly currentTree +-- babel-plugin-transform-es2015-classes@6.24.1
82 silly currentTree +-- babel-plugin-transform-es2015-computed-properties@6.24.1
82 silly currentTree +-- babel-plugin-transform-es2015-destructuring@6.23.0
82 silly currentTree +-- babel-plugin-transform-es2015-duplicate-keys@6.24.1
82 silly currentTree +-- babel-plugin-transform-es2015-for-of@6.23.0
82 silly currentTree +-- babel-plugin-transform-es2015-function-name@6.24.1
82 silly currentTree +-- babel-plugin-transform-es2015-literals@6.22.0
82 silly currentTree +-- babel-plugin-transform-es2015-modules-amd@6.24.1
82 silly currentTree +-- babel-plugin-transform-es2015-modules-commonjs@6.24.1
82 silly currentTree +-- babel-plugin-transform-es2015-modules-systemjs@6.24.1
82 silly currentTree +-- babel-plugin-transform-es2015-modules-umd@6.24.1
82 silly currentTree +-- babel-plugin-transform-es2015-object-super@6.24.1
82 silly currentTree +-- babel-plugin-transform-es2015-parameters@6.24.1
82 silly currentTree +-- babel-plugin-transform-es2015-shorthand-properties@6.24.1
82 silly currentTree +-- babel-plugin-transform-es2015-spread@6.22.0
82 silly currentTree +-- babel-plugin-transform-es2015-sticky-regex@6.24.1
82 silly currentTree +-- babel-plugin-transform-es2015-template-literals@6.22.0
82 silly currentTree +-- babel-plugin-transform-es2015-typeof-symbol@6.23.0
82 silly currentTree +-- babel-plugin-transform-es2015-unicode-regex@6.24.1
82 silly currentTree +-- babel-plugin-transform-exponentiation-operator@6.24.1
82 silly currentTree +-- babel-plugin-transform-object-rest-spread@6.23.0
82 silly currentTree +-- babel-plugin-transform-regenerator@6.24.1
82 silly currentTree +-- babel-plugin-transform-strict-mode@6.24.1
82 silly currentTree +-- babel-polyfill@6.23.0
82 silly currentTree +-- babel-preset-es2015@6.24.1
82 silly currentTree +-- babel-preset-stage-2@6.24.1
82 silly currentTree +-- babel-preset-stage-3@6.24.1
82 silly currentTree +-- babel-register@6.24.1
82 silly currentTree +-- babel-runtime@6.23.0
82 silly currentTree +-- babel-template@6.24.1
82 silly currentTree +-- babel-traverse@6.24.1
82 silly currentTree +-- babel-types@6.24.1
82 silly currentTree +-- babylon@6.17.0
82 silly currentTree +-- balanced-match@0.4.2
82 silly currentTree +-- binary-extensions@1.8.0
82 silly currentTree +-- bindings@1.2.1
82 silly currentTree +-- bit-twiddle@1.0.2
82 silly currentTree +-- block-stream@0.0.9
82 silly currentTree +-- bluebird@3.5.0
82 silly currentTree +-- boxen@1.0.0
82 silly currentTree +-- brace-expansion@1.1.7
82 silly currentTree +-- braces@1.8.5
82 silly currentTree +-- buffer-shims@1.0.0
82 silly currentTree +-- camelcase@4.1.0
82 silly currentTree +-- capture-stack-trace@1.0.0
82 silly currentTree +-- caw@2.0.0
82 silly currentTree +-- center-align@0.1.3
82 silly currentTree +-- chalk@1.1.3
82 silly currentTree +-- chokidar@1.6.1
82 silly currentTree +-- cli-boxes@1.0.0
82 silly currentTree +-- cli-cursor@1.0.2
82 silly currentTree +-- cli-truncate@1.0.0
82 silly currentTree +-- cliui@2.1.0
82 silly currentTree | `-- wordwrap@0.0.2
82 silly currentTree +-- clone@1.0.2
82 silly currentTree +-- code-point-at@1.1.0
82 silly currentTree +-- color-convert@1.9.0
82 silly currentTree +-- color-name@1.1.2
82 silly currentTree +-- color-string@1.5.2
82 silly currentTree +-- color@1.0.3
82 silly currentTree +-- columnify@1.5.4
82 silly currentTree +-- combined-stream@1.0.5
82 silly currentTree +-- commander@2.9.0
82 silly currentTree +-- concat-map@0.0.1
82 silly currentTree +-- concat-stream@1.6.0
82 silly currentTree +-- configstore@3.0.0
82 silly currentTree +-- convert-source-map@1.5.0
82 silly currentTree +-- core-js@2.4.1
82 silly currentTree +-- core-util-is@1.0.2
82 silly currentTree +-- create-error-class@3.0.2
82 silly currentTree +-- cross-spawn-async@2.2.5
82 silly currentTree +-- crypto-random-string@1.0.0
82 silly currentTree +-- cwise-compiler@1.1.2
82 silly currentTree +-- cwise-parser@1.0.3
82 silly currentTree +-- cwise@1.0.10
82 silly currentTree +-- deasync@0.1.9
82 silly currentTree +-- debug@2.6.6
82 silly currentTree +-- decamelize@1.2.0
82 silly currentTree +-- deep-extend@0.4.1
82 silly currentTree +-- defaults@1.0.3
82 silly currentTree +-- delayed-stream@1.0.0
82 silly currentTree +-- detect-indent@4.0.0
82 silly currentTree +-- dot-prop@4.1.1
82 silly currentTree +-- dup@1.0.0
82 silly currentTree +-- duplexer2@0.0.2
82 silly currentTree | +-- isarray@0.0.1
82 silly currentTree | +-- readable-stream@1.1.14
82 silly currentTree | `-- string_decoder@0.10.31
82 silly currentTree +-- duplexer3@0.1.4
82 silly currentTree +-- elegant-spinner@1.0.1
82 silly currentTree +-- error-ex@1.3.1
82 silly currentTree +-- escape-string-regexp@1.0.5
82 silly currentTree +-- escodegen@1.3.3
82 silly currentTree | +-- esprima@1.1.1
82 silly currentTree | +-- esutils@1.0.0
82 silly currentTree | `-- source-map@0.1.43
82 silly currentTree +-- esprima@1.2.5
82 silly currentTree +-- estraverse@1.5.1
82 silly currentTree +-- esutils@2.0.2
82 silly currentTree +-- execa@0.4.0
82 silly currentTree +-- exit-hook@1.1.1
82 silly currentTree +-- expand-brackets@0.1.5
82 silly currentTree +-- expand-range@1.8.2
82 silly currentTree +-- extend@3.0.1
82 silly currentTree +-- extglob@0.3.2
82 silly currentTree +-- falafel@1.2.0
82 silly currentTree | `-- isarray@0.0.1
82 silly currentTree +-- filename-regex@2.0.1
82 silly currentTree +-- fill-range@2.2.3
82 silly currentTree +-- for-in@1.0.2
82 silly currentTree +-- for-own@0.1.5
82 silly currentTree +-- foreach@2.0.5
82 silly currentTree +-- form-data@2.1.4
82 silly currentTree +-- fs-readdir-recursive@1.0.0
82 silly currentTree +-- fs.realpath@1.0.0
82 silly currentTree +-- fstream@1.0.11
82 silly currentTree +-- function-bind@1.1.0
82 silly currentTree +-- get-proxy@1.1.0
82 silly currentTree +-- get-stream@3.0.0
82 silly currentTree +-- glob-base@0.3.0
82 silly currentTree +-- glob-parent@2.0.0
82 silly currentTree +-- glob@7.1.1
82 silly currentTree +-- globals@9.17.0
82 silly currentTree +-- got@6.7.1
82 silly currentTree +-- graceful-fs@4.1.11
82 silly currentTree +-- graceful-readlink@1.0.1
82 silly currentTree +-- has-ansi@2.0.0
82 silly currentTree +-- has-unicode@2.0.1
82 silly currentTree +-- has@1.0.1
82 silly currentTree +-- home-or-tmp@2.0.0
82 silly currentTree +-- http-proxy-agent@1.0.0
82 silly currentTree +-- https-proxy-agent@1.0.0
82 silly currentTree +-- imurmurhash@0.1.4
82 silly currentTree +-- inflight@1.0.6
82 silly currentTree +-- inherits@2.0.3
82 silly currentTree +-- ini@1.3.4
82 silly currentTree +-- invariant@2.2.2
82 silly currentTree +-- iota-array@1.0.0
82 silly currentTree +-- is-absolute@0.2.6
82 silly currentTree +-- is-arrayish@0.2.1
82 silly currentTree +-- is-binary-path@1.0.1
82 silly currentTree +-- is-buffer@1.1.5
82 silly currentTree +-- is-dotfile@1.0.2
82 silly currentTree +-- is-equal-shallow@0.1.3
82 silly currentTree +-- is-extendable@0.1.1
82 silly currentTree +-- is-extglob@1.0.0
82 silly currentTree +-- is-finite@1.0.2
82 silly currentTree +-- is-fullwidth-code-point@2.0.0
82 silly currentTree +-- is-glob@2.0.1
82 silly currentTree +-- is-npm@1.0.0
82 silly currentTree +-- is-number@2.1.0
82 silly currentTree +-- is-obj@1.0.1
82 silly currentTree +-- is-plain-obj@1.1.0
82 silly currentTree +-- is-posix-bracket@0.1.1
82 silly currentTree +-- is-primitive@2.0.0
82 silly currentTree +-- is-redirect@1.0.0
82 silly currentTree +-- is-relative@0.2.1
82 silly currentTree +-- is-retry-allowed@1.1.0
82 silly currentTree +-- is-stream@1.1.0
82 silly currentTree +-- is-unc-path@0.1.2
82 silly currentTree +-- is-windows@0.2.0
82 silly currentTree +-- isarray@1.0.0
82 silly currentTree +-- isexe@2.0.0
82 silly currentTree +-- isobject@2.1.0
82 silly currentTree +-- js-tokens@3.0.1
82 silly currentTree +-- jsesc@1.3.0
82 silly currentTree +-- json5@0.5.1
82 silly currentTree +-- jspm-config@0.3.4
82 silly currentTree +-- kind-of@3.2.0
82 silly currentTree +-- latest-version@3.1.0
82 silly currentTree +-- lazy-cache@1.0.4
82 silly currentTree +-- lazy-req@2.0.0
82 silly currentTree +-- listify@1.0.0
82 silly currentTree +-- lockfile@1.0.3
82 silly currentTree +-- lodash@4.17.4
82 silly currentTree +-- log-update@1.0.2
82 silly currentTree +-- longest@1.0.1
82 silly currentTree +-- loose-envify@1.3.1
82 silly currentTree +-- lowercase-keys@1.0.0
82 silly currentTree +-- lru-cache@4.0.2
82 silly currentTree +-- make-error-cause@1.2.2
82 silly currentTree +-- make-error@1.2.3
82 silly currentTree +-- micromatch@2.3.11
82 silly currentTree +-- mime-db@1.27.0
82 silly currentTree +-- mime-types@2.1.15
82 silly currentTree +-- minimatch@3.0.3
82 silly currentTree +-- minimist@0.0.8
82 silly currentTree +-- mkdirp@0.5.1
82 silly currentTree +-- ms@0.7.3
82 silly currentTree +-- nan@2.6.2
82 silly currentTree +-- ndarray-fft@1.0.3
82 silly currentTree +-- ndarray-gemm@1.0.0
82 silly currentTree +-- ndarray-ops@1.2.2
82 silly currentTree +-- ndarray@1.0.18
82 silly currentTree +-- nopt@1.0.10
82 silly currentTree +-- normalize-path@2.1.1
82 silly currentTree +-- npm-run-path@1.0.0
82 silly currentTree +-- number-is-nan@1.0.1
82 silly currentTree +-- numjs@0.13.1
82 silly currentTree +-- object-assign@4.1.1
82 silly currentTree +-- object-inspect@0.4.0
82 silly currentTree +-- object-keys@1.0.11
82 silly currentTree +-- object.omit@2.0.1
82 silly currentTree +-- object.pick@1.2.0
82 silly currentTree +-- once@1.4.0
82 silly currentTree +-- onetime@1.1.0
82 silly currentTree +-- os-homedir@1.0.2
82 silly currentTree +-- os-tmpdir@1.0.2
82 silly currentTree +-- output-file-sync@1.1.2
82 silly currentTree +-- package-json@4.0.1
82 silly currentTree | `-- semver@5.3.0
82 silly currentTree +-- parse-glob@3.0.4
82 silly currentTree +-- parse-json@2.2.0
82 silly currentTree +-- path-is-absolute@1.0.1
82 silly currentTree +-- path-key@1.0.0
82 silly currentTree +-- popsicle-proxy-agent@3.0.0
82 silly currentTree +-- popsicle-retry@3.2.1
82 silly currentTree +-- popsicle-rewrite@1.0.0
82 silly currentTree +-- popsicle-status@2.0.0
82 silly currentTree +-- popsicle@9.1.0
82 silly currentTree +-- prepend-http@1.0.4
82 silly currentTree +-- preserve@0.2.0
82 silly currentTree +-- private@0.1.7
82 silly currentTree +-- process-nextick-args@1.0.7
82 silly currentTree +-- promise-finally@3.0.0
82 silly currentTree +-- pseudomap@1.0.2
82 silly currentTree +-- punycode@1.4.1
82 silly currentTree +-- quote-stream@0.0.0
82 silly currentTree +-- randomatic@1.1.6
82 silly currentTree +-- rc@1.2.1
82 silly currentTree | `-- minimist@1.2.0
82 silly currentTree +-- readable-stream@2.2.9
82 silly currentTree +-- readdirp@2.1.0
82 silly currentTree +-- regenerate@1.3.2
82 silly currentTree +-- regenerator-runtime@0.10.5
82 silly currentTree +-- regenerator-transform@0.9.11
82 silly currentTree +-- regex-cache@0.4.3
82 silly currentTree +-- regexpu-core@2.0.0
82 silly currentTree +-- registry-auth-token@3.3.0
82 silly currentTree +-- registry-url@3.1.0
82 silly currentTree +-- regjsgen@0.2.0
82 silly currentTree +-- regjsparser@0.1.5
82 silly currentTree | `-- jsesc@0.5.0
82 silly currentTree +-- remove-trailing-separator@1.0.1
82 silly currentTree +-- repeat-element@1.1.2
82 silly currentTree +-- repeat-string@1.6.1
82 silly currentTree +-- repeating@2.0.1
82 silly currentTree +-- restore-cursor@1.0.1
82 silly currentTree +-- right-align@0.1.3
82 silly currentTree +-- rimraf@2.6.1
82 silly currentTree +-- safe-buffer@5.0.1
82 silly currentTree +-- semver-diff@2.1.0
82 silly currentTree +-- semver@5.0.3
82 silly currentTree +-- set-immediate-shim@1.0.1
82 silly currentTree +-- shallow-copy@0.0.1
82 silly currentTree +-- sharp@0.17.3
82 silly currentTree | `-- semver@5.3.0
82 silly currentTree +-- simple-swizzle@0.2.2
82 silly currentTree | `-- is-arrayish@0.3.1
82 silly currentTree +-- slash@1.0.0
82 silly currentTree +-- slice-ansi@0.0.4
82 silly currentTree +-- slide@1.1.6
82 silly currentTree +-- sort-keys@1.1.2
82 silly currentTree +-- source-map-support@0.4.15
82 silly currentTree +-- source-map@0.5.6
82 silly currentTree +-- static-eval@0.2.4
82 silly currentTree | +-- escodegen@0.0.28
82 silly currentTree | +-- esprima@1.0.4
82 silly currentTree | `-- estraverse@1.3.2
82 silly currentTree +-- static-module@1.3.1
82 silly currentTree | +-- concat-stream@1.4.10
82 silly currentTree | | `-- readable-stream@1.1.14
82 silly currentTree | +-- isarray@0.0.1
82 silly currentTree | +-- readable-stream@1.0.34
82 silly currentTree | `-- string_decoder@0.10.31
82 silly currentTree +-- string_decoder@1.0.0
82 silly currentTree +-- string-template@1.0.0
82 silly currentTree +-- string-width@2.0.0
82 silly currentTree +-- strip-ansi@3.0.1
82 silly currentTree +-- strip-bom@3.0.0
82 silly currentTree +-- strip-eof@1.0.0
82 silly currentTree +-- strip-json-comments@2.0.1
82 silly currentTree +-- supports-color@2.0.0
82 silly currentTree +-- tar@2.2.1
82 silly currentTree +-- term-size@0.1.1
82 silly currentTree +-- thenify@3.2.1
82 silly currentTree +-- throat@3.0.0
82 silly currentTree +-- through2@0.4.2
82 silly currentTree | +-- isarray@0.0.1
82 silly currentTree | +-- object-keys@0.4.0
82 silly currentTree | +-- readable-stream@1.0.34
82 silly currentTree | +-- string_decoder@0.10.31
82 silly currentTree | `-- xtend@2.1.2
82 silly currentTree +-- timed-out@4.0.1
82 silly currentTree +-- to-fast-properties@1.0.2
82 silly currentTree +-- touch@1.0.0
82 silly currentTree +-- tough-cookie@2.3.2
82 silly currentTree +-- trim-right@1.0.1
82 silly currentTree +-- tunnel-agent@0.4.3
82 silly currentTree +-- typedarray-pool@1.1.0
82 silly currentTree +-- typedarray@0.0.6
82 silly currentTree +-- typescript@2.3.2
82 silly currentTree +-- typings-core@2.3.3
82 silly currentTree | `-- detect-indent@5.0.0
82 silly currentTree +-- typings@2.1.1
82 silly currentTree | `-- minimist@1.2.0
82 silly currentTree +-- uglify-js@2.8.22
82 silly currentTree +-- uglify-to-browserify@1.0.2
82 silly currentTree +-- unc-path-regex@0.1.2
82 silly currentTree +-- uniq@1.0.1
82 silly currentTree +-- unique-string@1.0.0
82 silly currentTree +-- unzip-response@2.0.1
82 silly currentTree +-- update-notifier@2.1.0
82 silly currentTree +-- url-parse-lax@1.0.0
82 silly currentTree +-- user-home@1.1.1
82 silly currentTree +-- util-deprecate@1.0.2
82 silly currentTree +-- v8flags@2.1.1
82 silly currentTree +-- wcwidth@1.0.1
82 silly currentTree +-- which@1.2.14
82 silly currentTree +-- widest-line@1.0.0
82 silly currentTree | +-- is-fullwidth-code-point@1.0.0
82 silly currentTree | `-- string-width@1.0.2
82 silly currentTree +-- window-size@0.1.0
82 silly currentTree +-- wordwrap@1.0.0
82 silly currentTree +-- wrappy@1.0.2
82 silly currentTree +-- write-file-atomic@1.3.4
82 silly currentTree +-- xdg-basedir@3.0.0
82 silly currentTree +-- xtend@4.0.1
82 silly currentTree +-- yallist@2.1.2
82 silly currentTree +-- yargs@3.10.0
82 silly currentTree | `-- camelcase@1.2.1
82 silly currentTree `-- zip-object@0.1.0
83 silly idealTree node@1.0.0
83 silly idealTree +-- @types/bluebird@3.5.3
83 silly idealTree +-- @types/node@7.0.14
83 silly idealTree +-- abbrev@1.1.0
83 silly idealTree +-- acorn@1.2.2
83 silly idealTree +-- agent-base@2.0.1
83 silly idealTree +-- align-text@0.1.4
83 silly idealTree +-- amdefine@1.0.1
83 silly idealTree +-- ansi-align@1.1.0
83 silly idealTree | +-- is-fullwidth-code-point@1.0.0
83 silly idealTree | `-- string-width@1.0.2
83 silly idealTree +-- ansi-escapes@1.4.0
83 silly idealTree +-- ansi-regex@2.1.1
83 silly idealTree +-- ansi-styles@2.2.1
83 silly idealTree +-- any-promise@1.3.0
83 silly idealTree +-- anymatch@1.3.0
83 silly idealTree +-- archy@1.0.0
83 silly idealTree +-- arr-diff@2.0.0
83 silly idealTree +-- arr-flatten@1.0.3
83 silly idealTree +-- array-uniq@1.0.3
83 silly idealTree +-- array-unique@0.2.1
83 silly idealTree +-- arrify@1.0.1
83 silly idealTree +-- async-each@1.0.1
83 silly idealTree +-- asynckit@0.4.0
83 silly idealTree +-- babel-cli@6.24.1
83 silly idealTree +-- babel-code-frame@6.22.0
83 silly idealTree +-- babel-core@6.24.1
83 silly idealTree +-- babel-generator@6.24.1
83 silly idealTree +-- babel-helper-bindify-decorators@6.24.1
83 silly idealTree +-- babel-helper-builder-binary-assignment-operator-visitor@6.24.1
83 silly idealTree +-- babel-helper-call-delegate@6.24.1
83 silly idealTree +-- babel-helper-define-map@6.24.1
83 silly idealTree +-- babel-helper-explode-assignable-expression@6.24.1
83 silly idealTree +-- babel-helper-explode-class@6.24.1
83 silly idealTree +-- babel-helper-function-name@6.24.1
83 silly idealTree +-- babel-helper-get-function-arity@6.24.1
83 silly idealTree +-- babel-helper-hoist-variables@6.24.1
83 silly idealTree +-- babel-helper-optimise-call-expression@6.24.1
83 silly idealTree +-- babel-helper-regex@6.24.1
83 silly idealTree +-- babel-helper-remap-async-to-generator@6.24.1
83 silly idealTree +-- babel-helper-replace-supers@6.24.1
83 silly idealTree +-- babel-helpers@6.24.1
83 silly idealTree +-- babel-messages@6.23.0
83 silly idealTree +-- babel-plugin-check-es2015-constants@6.22.0
83 silly idealTree +-- babel-plugin-syntax-async-functions@6.13.0
83 silly idealTree +-- babel-plugin-syntax-async-generators@6.13.0
83 silly idealTree +-- babel-plugin-syntax-class-properties@6.13.0
83 silly idealTree +-- babel-plugin-syntax-decorators@6.13.0
83 silly idealTree +-- babel-plugin-syntax-dynamic-import@6.18.0
83 silly idealTree +-- babel-plugin-syntax-exponentiation-operator@6.13.0
83 silly idealTree +-- babel-plugin-syntax-object-rest-spread@6.13.0
83 silly idealTree +-- babel-plugin-syntax-trailing-function-commas@6.22.0
83 silly idealTree +-- babel-plugin-transform-async-generator-functions@6.24.1
83 silly idealTree +-- babel-plugin-transform-async-to-generator@6.24.1
83 silly idealTree +-- babel-plugin-transform-class-properties@6.24.1
83 silly idealTree +-- babel-plugin-transform-decorators@6.24.1
83 silly idealTree +-- babel-plugin-transform-es2015-arrow-functions@6.22.0
83 silly idealTree +-- babel-plugin-transform-es2015-block-scoped-functions@6.22.0
83 silly idealTree +-- babel-plugin-transform-es2015-block-scoping@6.24.1
83 silly idealTree +-- babel-plugin-transform-es2015-classes@6.24.1
83 silly idealTree +-- babel-plugin-transform-es2015-computed-properties@6.24.1
83 silly idealTree +-- babel-plugin-transform-es2015-destructuring@6.23.0
83 silly idealTree +-- babel-plugin-transform-es2015-duplicate-keys@6.24.1
83 silly idealTree +-- babel-plugin-transform-es2015-for-of@6.23.0
83 silly idealTree +-- babel-plugin-transform-es2015-function-name@6.24.1
83 silly idealTree +-- babel-plugin-transform-es2015-literals@6.22.0
83 silly idealTree +-- babel-plugin-transform-es2015-modules-amd@6.24.1
83 silly idealTree +-- babel-plugin-transform-es2015-modules-commonjs@6.24.1
83 silly idealTree +-- babel-plugin-transform-es2015-modules-systemjs@6.24.1
83 silly idealTree +-- babel-plugin-transform-es2015-modules-umd@6.24.1
83 silly idealTree +-- babel-plugin-transform-es2015-object-super@6.24.1
83 silly idealTree +-- babel-plugin-transform-es2015-parameters@6.24.1
83 silly idealTree +-- babel-plugin-transform-es2015-shorthand-properties@6.24.1
83 silly idealTree +-- babel-plugin-transform-es2015-spread@6.22.0
83 silly idealTree +-- babel-plugin-transform-es2015-sticky-regex@6.24.1
83 silly idealTree +-- babel-plugin-transform-es2015-template-literals@6.22.0
83 silly idealTree +-- babel-plugin-transform-es2015-typeof-symbol@6.23.0
83 silly idealTree +-- babel-plugin-transform-es2015-unicode-regex@6.24.1
83 silly idealTree +-- babel-plugin-transform-exponentiation-operator@6.24.1
83 silly idealTree +-- babel-plugin-transform-object-rest-spread@6.23.0
83 silly idealTree +-- babel-plugin-transform-regenerator@6.24.1
83 silly idealTree +-- babel-plugin-transform-strict-mode@6.24.1
83 silly idealTree +-- babel-polyfill@6.23.0
83 silly idealTree +-- babel-preset-es2015@6.24.1
83 silly idealTree +-- babel-preset-stage-2@6.24.1
83 silly idealTree +-- babel-preset-stage-3@6.24.1
83 silly idealTree +-- babel-register@6.24.1
83 silly idealTree +-- babel-runtime@6.23.0
83 silly idealTree +-- babel-template@6.24.1
83 silly idealTree +-- babel-traverse@6.24.1
83 silly idealTree +-- babel-types@6.24.1
83 silly idealTree +-- babylon@6.17.0
83 silly idealTree +-- balanced-match@0.4.2
83 silly idealTree +-- binary-extensions@1.8.0
83 silly idealTree +-- bindings@1.2.1
83 silly idealTree +-- bit-twiddle@1.0.2
83 silly idealTree +-- block-stream@0.0.9
83 silly idealTree +-- bluebird@3.5.0
83 silly idealTree +-- boxen@1.0.0
83 silly idealTree +-- brace-expansion@1.1.7
83 silly idealTree +-- braces@1.8.5
83 silly idealTree +-- buffer-shims@1.0.0
83 silly idealTree +-- camelcase@4.1.0
83 silly idealTree +-- capture-stack-trace@1.0.0
83 silly idealTree +-- caw@2.0.0
83 silly idealTree +-- center-align@0.1.3
83 silly idealTree +-- chalk@1.1.3
83 silly idealTree +-- chokidar@1.6.1
83 silly idealTree +-- cli-boxes@1.0.0
83 silly idealTree +-- cli-cursor@1.0.2
83 silly idealTree +-- cli-truncate@1.0.0
83 silly idealTree +-- cliui@2.1.0
83 silly idealTree | `-- wordwrap@0.0.2
83 silly idealTree +-- clone@1.0.2
83 silly idealTree +-- code-point-at@1.1.0
83 silly idealTree +-- color-convert@1.9.0
83 silly idealTree +-- color-name@1.1.2
83 silly idealTree +-- color-string@1.5.2
83 silly idealTree +-- color@1.0.3
83 silly idealTree +-- columnify@1.5.4
83 silly idealTree +-- combined-stream@1.0.5
83 silly idealTree +-- commander@2.9.0
83 silly idealTree +-- concat-map@0.0.1
83 silly idealTree +-- concat-stream@1.6.0
83 silly idealTree +-- configstore@3.0.0
83 silly idealTree +-- convert-source-map@1.5.0
83 silly idealTree +-- core-js@2.4.1
83 silly idealTree +-- core-util-is@1.0.2
83 silly idealTree +-- create-error-class@3.0.2
83 silly idealTree +-- cross-spawn-async@2.2.5
83 silly idealTree +-- crypto-random-string@1.0.0
83 silly idealTree +-- cwise-compiler@1.1.2
83 silly idealTree +-- cwise-parser@1.0.3
83 silly idealTree +-- cwise@1.0.10
83 silly idealTree +-- deasync@0.1.9
83 silly idealTree +-- debug@2.6.6
83 silly idealTree +-- decamelize@1.2.0
83 silly idealTree +-- deep-extend@0.4.1
83 silly idealTree +-- defaults@1.0.3
83 silly idealTree +-- delayed-stream@1.0.0
83 silly idealTree +-- detect-indent@4.0.0
83 silly idealTree +-- dot-prop@4.1.1
83 silly idealTree +-- dup@1.0.0
83 silly idealTree +-- duplexer2@0.0.2
83 silly idealTree | +-- isarray@0.0.1
83 silly idealTree | +-- readable-stream@1.1.14
83 silly idealTree | `-- string_decoder@0.10.31
83 silly idealTree +-- duplexer3@0.1.4
83 silly idealTree +-- elegant-spinner@1.0.1
83 silly idealTree +-- error-ex@1.3.1
83 silly idealTree +-- escape-string-regexp@1.0.5
83 silly idealTree +-- escodegen@1.3.3
83 silly idealTree | +-- esprima@1.1.1
83 silly idealTree | +-- esutils@1.0.0
83 silly idealTree | `-- source-map@0.1.43
83 silly idealTree +-- esprima@1.2.5
83 silly idealTree +-- estraverse@1.5.1
83 silly idealTree +-- esutils@2.0.2
83 silly idealTree +-- execa@0.4.0
83 silly idealTree +-- exit-hook@1.1.1
83 silly idealTree +-- expand-brackets@0.1.5
83 silly idealTree +-- expand-range@1.8.2
83 silly idealTree +-- extend@3.0.1
83 silly idealTree +-- extglob@0.3.2
83 silly idealTree +-- falafel@1.2.0
83 silly idealTree | `-- isarray@0.0.1
83 silly idealTree +-- filename-regex@2.0.1
83 silly idealTree +-- fill-range@2.2.3
83 silly idealTree +-- for-in@1.0.2
83 silly idealTree +-- for-own@0.1.5
83 silly idealTree +-- foreach@2.0.5
83 silly idealTree +-- form-data@2.1.4
83 silly idealTree +-- fs-readdir-recursive@1.0.0
83 silly idealTree +-- fs.realpath@1.0.0
83 silly idealTree +-- fstream@1.0.11
83 silly idealTree +-- function-bind@1.1.0
83 silly idealTree +-- get-proxy@1.1.0
83 silly idealTree +-- get-stream@3.0.0
83 silly idealTree +-- glob-base@0.3.0
83 silly idealTree +-- glob-parent@2.0.0
83 silly idealTree +-- glob@7.1.1
83 silly idealTree +-- globals@9.17.0
83 silly idealTree +-- got@6.7.1
83 silly idealTree +-- graceful-fs@4.1.11
83 silly idealTree +-- graceful-readlink@1.0.1
83 silly idealTree +-- has-ansi@2.0.0
83 silly idealTree +-- has-unicode@2.0.1
83 silly idealTree +-- has@1.0.1
83 silly idealTree +-- home-or-tmp@2.0.0
83 silly idealTree +-- http-proxy-agent@1.0.0
83 silly idealTree +-- https-proxy-agent@1.0.0
83 silly idealTree +-- imurmurhash@0.1.4
83 silly idealTree +-- inflight@1.0.6
83 silly idealTree +-- inherits@2.0.3
83 silly idealTree +-- ini@1.3.4
83 silly idealTree +-- invariant@2.2.2
83 silly idealTree +-- iota-array@1.0.0
83 silly idealTree +-- is-absolute@0.2.6
83 silly idealTree +-- is-arrayish@0.2.1
83 silly idealTree +-- is-binary-path@1.0.1
83 silly idealTree +-- is-buffer@1.1.5
83 silly idealTree +-- is-dotfile@1.0.2
83 silly idealTree +-- is-equal-shallow@0.1.3
83 silly idealTree +-- is-extendable@0.1.1
83 silly idealTree +-- is-extglob@1.0.0
83 silly idealTree +-- is-finite@1.0.2
83 silly idealTree +-- is-fullwidth-code-point@2.0.0
83 silly idealTree +-- is-glob@2.0.1
83 silly idealTree +-- is-npm@1.0.0
83 silly idealTree +-- is-number@2.1.0
83 silly idealTree +-- is-obj@1.0.1
83 silly idealTree +-- is-plain-obj@1.1.0
83 silly idealTree +-- is-posix-bracket@0.1.1
83 silly idealTree +-- is-primitive@2.0.0
83 silly idealTree +-- is-redirect@1.0.0
83 silly idealTree +-- is-relative@0.2.1
83 silly idealTree +-- is-retry-allowed@1.1.0
83 silly idealTree +-- is-stream@1.1.0
83 silly idealTree +-- is-unc-path@0.1.2
83 silly idealTree +-- is-windows@0.2.0
83 silly idealTree +-- isarray@1.0.0
83 silly idealTree +-- isexe@2.0.0
83 silly idealTree +-- isobject@2.1.0
83 silly idealTree +-- js-tokens@3.0.1
83 silly idealTree +-- jsesc@1.3.0
83 silly idealTree +-- json5@0.5.1
83 silly idealTree +-- jspm-config@0.3.4
83 silly idealTree +-- kind-of@3.2.0
83 silly idealTree +-- latest-version@3.1.0
83 silly idealTree +-- lazy-cache@1.0.4
83 silly idealTree +-- lazy-req@2.0.0
83 silly idealTree +-- listify@1.0.0
83 silly idealTree +-- lockfile@1.0.3
83 silly idealTree +-- lodash@4.17.4
83 silly idealTree +-- log-update@1.0.2
83 silly idealTree +-- longest@1.0.1
83 silly idealTree +-- loose-envify@1.3.1
83 silly idealTree +-- lowercase-keys@1.0.0
83 silly idealTree +-- lru-cache@4.0.2
83 silly idealTree +-- make-error-cause@1.2.2
83 silly idealTree +-- make-error@1.2.3
83 silly idealTree +-- matplotnode@0.1.3
83 silly idealTree +-- micromatch@2.3.11
83 silly idealTree +-- mime-db@1.27.0
83 silly idealTree +-- mime-types@2.1.15
83 silly idealTree +-- minimatch@3.0.3
83 silly idealTree +-- minimist@0.0.8
83 silly idealTree +-- mkdirp@0.5.1
83 silly idealTree +-- ms@0.7.3
83 silly idealTree +-- nan@2.6.2
83 silly idealTree +-- ndarray-fft@1.0.3
83 silly idealTree +-- ndarray-gemm@1.0.0
83 silly idealTree +-- ndarray-ops@1.2.2
83 silly idealTree +-- ndarray@1.0.18
83 silly idealTree +-- nopt@1.0.10
83 silly idealTree +-- normalize-path@2.1.1
83 silly idealTree +-- npm-run-path@1.0.0
83 silly idealTree +-- number-is-nan@1.0.1
83 silly idealTree +-- numjs@0.13.1
83 silly idealTree +-- object-assign@4.1.1
83 silly idealTree +-- object-inspect@0.4.0
83 silly idealTree +-- object-keys@1.0.11
83 silly idealTree +-- object.omit@2.0.1
83 silly idealTree +-- object.pick@1.2.0
83 silly idealTree +-- once@1.4.0
83 silly idealTree +-- onetime@1.1.0
83 silly idealTree +-- os-homedir@1.0.2
83 silly idealTree +-- os-tmpdir@1.0.2
83 silly idealTree +-- output-file-sync@1.1.2
83 silly idealTree +-- package-json@4.0.1
83 silly idealTree | `-- semver@5.3.0
83 silly idealTree +-- parse-glob@3.0.4
83 silly idealTree +-- parse-json@2.2.0
83 silly idealTree +-- path-is-absolute@1.0.1
83 silly idealTree +-- path-key@1.0.0
83 silly idealTree +-- popsicle-proxy-agent@3.0.0
83 silly idealTree +-- popsicle-retry@3.2.1
83 silly idealTree +-- popsicle-rewrite@1.0.0
83 silly idealTree +-- popsicle-status@2.0.0
83 silly idealTree +-- popsicle@9.1.0
83 silly idealTree +-- prepend-http@1.0.4
83 silly idealTree +-- preserve@0.2.0
83 silly idealTree +-- private@0.1.7
83 silly idealTree +-- process-nextick-args@1.0.7
83 silly idealTree +-- promise-finally@3.0.0
83 silly idealTree +-- pseudomap@1.0.2
83 silly idealTree +-- punycode@1.4.1
83 silly idealTree +-- quote-stream@0.0.0
83 silly idealTree +-- randomatic@1.1.6
83 silly idealTree +-- rc@1.2.1
83 silly idealTree | `-- minimist@1.2.0
83 silly idealTree +-- readable-stream@2.2.9
83 silly idealTree +-- readdirp@2.1.0
83 silly idealTree +-- regenerate@1.3.2
83 silly idealTree +-- regenerator-runtime@0.10.5
83 silly idealTree +-- regenerator-transform@0.9.11
83 silly idealTree +-- regex-cache@0.4.3
83 silly idealTree +-- regexpu-core@2.0.0
83 silly idealTree +-- registry-auth-token@3.3.0
83 silly idealTree +-- registry-url@3.1.0
83 silly idealTree +-- regjsgen@0.2.0
83 silly idealTree +-- regjsparser@0.1.5
83 silly idealTree | `-- jsesc@0.5.0
83 silly idealTree +-- remove-trailing-separator@1.0.1
83 silly idealTree +-- repeat-element@1.1.2
83 silly idealTree +-- repeat-string@1.6.1
83 silly idealTree +-- repeating@2.0.1
83 silly idealTree +-- restore-cursor@1.0.1
83 silly idealTree +-- right-align@0.1.3
83 silly idealTree +-- rimraf@2.6.1
83 silly idealTree +-- safe-buffer@5.0.1
83 silly idealTree +-- semver-diff@2.1.0
83 silly idealTree +-- semver@5.0.3
83 silly idealTree +-- set-immediate-shim@1.0.1
83 silly idealTree +-- shallow-copy@0.0.1
83 silly idealTree +-- sharp@0.17.3
83 silly idealTree | `-- semver@5.3.0
83 silly idealTree +-- simple-swizzle@0.2.2
83 silly idealTree | `-- is-arrayish@0.3.1
83 silly idealTree +-- slash@1.0.0
83 silly idealTree +-- slice-ansi@0.0.4
83 silly idealTree +-- slide@1.1.6
83 silly idealTree +-- sort-keys@1.1.2
83 silly idealTree +-- source-map-support@0.4.15
83 silly idealTree +-- source-map@0.5.6
83 silly idealTree +-- static-eval@0.2.4
83 silly idealTree | +-- escodegen@0.0.28
83 silly idealTree | +-- esprima@1.0.4
83 silly idealTree | `-- estraverse@1.3.2
83 silly idealTree +-- static-module@1.3.1
83 silly idealTree | +-- concat-stream@1.4.10
83 silly idealTree | | `-- readable-stream@1.1.14
83 silly idealTree | +-- isarray@0.0.1
83 silly idealTree | +-- readable-stream@1.0.34
83 silly idealTree | `-- string_decoder@0.10.31
83 silly idealTree +-- string_decoder@1.0.0
83 silly idealTree +-- string-template@1.0.0
83 silly idealTree +-- string-width@2.0.0
83 silly idealTree +-- strip-ansi@3.0.1
83 silly idealTree +-- strip-bom@3.0.0
83 silly idealTree +-- strip-eof@1.0.0
83 silly idealTree +-- strip-json-comments@2.0.1
83 silly idealTree +-- supports-color@2.0.0
83 silly idealTree +-- tar@2.2.1
83 silly idealTree +-- term-size@0.1.1
83 silly idealTree +-- thenify@3.2.1
83 silly idealTree +-- throat@3.0.0
83 silly idealTree +-- through2@0.4.2
83 silly idealTree | +-- isarray@0.0.1
83 silly idealTree | +-- object-keys@0.4.0
83 silly idealTree | +-- readable-stream@1.0.34
83 silly idealTree | +-- string_decoder@0.10.31
83 silly idealTree | `-- xtend@2.1.2
83 silly idealTree +-- timed-out@4.0.1
83 silly idealTree +-- to-fast-properties@1.0.2
83 silly idealTree +-- touch@1.0.0
83 silly idealTree +-- tough-cookie@2.3.2
83 silly idealTree +-- trim-right@1.0.1
83 silly idealTree +-- tunnel-agent@0.4.3
83 silly idealTree +-- typedarray-pool@1.1.0
83 silly idealTree +-- typedarray@0.0.6
83 silly idealTree +-- typescript@2.3.2
83 silly idealTree +-- typings-core@2.3.3
83 silly idealTree | `-- detect-indent@5.0.0
83 silly idealTree +-- typings@2.1.1
83 silly idealTree | `-- minimist@1.2.0
83 silly idealTree +-- uglify-js@2.8.22
83 silly idealTree +-- uglify-to-browserify@1.0.2
83 silly idealTree +-- unc-path-regex@0.1.2
83 silly idealTree +-- uniq@1.0.1
83 silly idealTree +-- unique-string@1.0.0
83 silly idealTree +-- unzip-response@2.0.1
83 silly idealTree +-- update-notifier@2.1.0
83 silly idealTree +-- url-parse-lax@1.0.0
83 silly idealTree +-- user-home@1.1.1
83 silly idealTree +-- util-deprecate@1.0.2
83 silly idealTree +-- v8flags@2.1.1
83 silly idealTree +-- wcwidth@1.0.1
83 silly idealTree +-- which@1.2.14
83 silly idealTree +-- widest-line@1.0.0
83 silly idealTree | +-- is-fullwidth-code-point@1.0.0
83 silly idealTree | `-- string-width@1.0.2
83 silly idealTree +-- window-size@0.1.0
83 silly idealTree +-- wordwrap@1.0.0
83 silly idealTree +-- wrappy@1.0.2
83 silly idealTree +-- write-file-atomic@1.3.4
83 silly idealTree +-- xdg-basedir@3.0.0
83 silly idealTree +-- xtend@4.0.1
83 silly idealTree +-- yallist@2.1.2
83 silly idealTree +-- yargs@3.10.0
83 silly idealTree | `-- camelcase@1.2.1
83 silly idealTree `-- zip-object@0.1.0
84 silly generateActionsToTake Starting
85 silly install generateActionsToTake
86 silly generateActionsToTake Finishing
87 silly diffTrees action count 1
88 silly diffTrees add matplotnode@0.1.3
89 silly decomposeActions action count 8
90 silly decomposeActions fetch matplotnode@0.1.3
91 silly decomposeActions extract matplotnode@0.1.3
92 silly decomposeActions test matplotnode@0.1.3
93 silly decomposeActions preinstall matplotnode@0.1.3
94 silly decomposeActions build matplotnode@0.1.3
95 silly decomposeActions install matplotnode@0.1.3
96 silly decomposeActions postinstall matplotnode@0.1.3
97 silly decomposeActions finalize matplotnode@0.1.3
98 silly runTopLevelLifecycles Starting
99 silly executeActions Starting
100 silly install executeActions
101 silly doSerial global-install 0
102 silly doParallel fetch 1
103 verbose correctMkdir C:\Users\Jose\AppData\Roaming\npm-cache\_locks correctMkdir not in flight; initializing
104 verbose lock using C:\Users\Jose\AppData\Roaming\npm-cache\_locks\staging-b6c5b2202164373e.lock for C:\Users\Jose\Desktop\Practice\proceso\node\node_modules\.staging
105 silly doParallel extract 1
106 silly extract matplotnode@0.1.3
107 verbose unbuild node_modules\.staging\matplotnode-3c805932
108 silly gentlyRm C:\Users\Jose\Desktop\Practice\proceso\node\node_modules\.staging\matplotnode-3c805932 is being purged from base C:\Users\Jose\Desktop\Practice\proceso\node
109 verbose gentlyRm don't care about contents; nuking C:\Users\Jose\Desktop\Practice\proceso\node\node_modules\.staging\matplotnode-3c805932
110 verbose tar unpack C:\Users\Jose\AppData\Roaming\npm-cache\matplotnode\0.1.3\package.tgz
111 verbose tar unpacking to C:\Users\Jose\Desktop\Practice\proceso\node\node_modules\.staging\matplotnode-3c805932
112 silly gentlyRm C:\Users\Jose\Desktop\Practice\proceso\node\node_modules\.staging\matplotnode-3c805932 is being purged
113 verbose gentlyRm don't care about contents; nuking C:\Users\Jose\Desktop\Practice\proceso\node\node_modules\.staging\matplotnode-3c805932
114 silly gunzTarPerm modes [ '777', '666' ]
115 silly gunzTarPerm extractEntry package.json
116 silly gunzTarPerm modified mode [ 'package.json', 420, 438 ]
117 silly gunzTarPerm extractEntry .npmignore
118 silly gunzTarPerm modified mode [ '.npmignore', 420, 438 ]
119 silly gunzTarPerm extractEntry README.md
120 silly gunzTarPerm modified mode [ 'README.md', 420, 438 ]
121 silly gunzTarPerm extractEntry matplotnode.js
122 silly gunzTarPerm modified mode [ 'matplotnode.js', 420, 438 ]
123 silly gunzTarPerm extractEntry test.js
124 silly gunzTarPerm modified mode [ 'test.js', 420, 438 ]
125 silly gunzTarPerm extractEntry examples/subplot.png
126 silly gunzTarPerm modified mode [ 'examples/subplot.png', 420, 438 ]
127 silly gunzTarPerm extractEntry LICENSE.matplotlib.md
128 silly gunzTarPerm modified mode [ 'LICENSE.matplotlib.md', 420, 438 ]
129 silly gunzTarPerm extractEntry matplotlib.h
130 silly gunzTarPerm modified mode [ 'matplotlib.h', 420, 438 ]
131 silly gunzTarPerm extractEntry binding.gyp
132 silly gunzTarPerm modified mode [ 'binding.gyp', 420, 438 ]
133 silly gunzTarPerm extractEntry LICENSE.md
134 silly gunzTarPerm modified mode [ 'LICENSE.md', 420, 438 ]
135 silly gunzTarPerm extractEntry matplotlib.cc
136 silly gunzTarPerm modified mode [ 'matplotlib.cc', 420, 438 ]
137 silly gentlyRm C:\Users\Jose\Desktop\Practice\proceso\node\node_modules\.staging\matplotnode-3c805932\node_modules is being purged
138 verbose gentlyRm don't care about contents; nuking C:\Users\Jose\Desktop\Practice\proceso\node\node_modules\.staging\matplotnode-3c805932\node_modules
139 silly doParallel preinstall 1
140 silly preinstall matplotnode@0.1.3
141 info lifecycle matplotnode@0.1.3~preinstall: matplotnode@0.1.3
142 silly lifecycle matplotnode@0.1.3~preinstall: no script for preinstall, continuing
143 silly doReverseSerial remove 0
144 silly doSerial move 0
145 silly doSerial finalize 1
146 silly finalize C:\Users\Jose\Desktop\Practice\proceso\node\node_modules\matplotnode
147 silly doSerial build 1
148 silly build matplotnode@0.1.3
149 info linkStuff matplotnode@0.1.3
150 silly linkStuff matplotnode@0.1.3 has C:\Users\Jose\Desktop\Practice\proceso\node\node_modules as its parent node_modules
151 verbose linkBins matplotnode@0.1.3
152 verbose linkMans matplotnode@0.1.3
153 silly doSerial global-link 0
154 silly doParallel update-linked 0
155 silly doSerial install 1
156 silly install matplotnode@0.1.3
157 info lifecycle matplotnode@0.1.3~install: matplotnode@0.1.3
158 verbose lifecycle matplotnode@0.1.3~install: unsafe-perm in lifecycle true
159 verbose lifecycle matplotnode@0.1.3~install: PATH: C:\Program Files\nodejs\node_modules\npm\bin\node-gyp-bin;C:\Users\Jose\Desktop\Practice\proceso\node\node_modules\matplotnode\node_modules\.bin;C:\Users\Jose\Desktop\Practice\proceso\node\node_modules\.bin;C:\Program Files (x86)\ArcGIS10.1\Lib\site-packages\PyQt4;C:\Program Files\PostgreSQL\9.5\bin;C:\ProgramData\Oracle\Java\javapath;C:\Python27\;C:\Python27\Scripts;C:\Program Files (x86)\ArcGIS10.1\;C:\Program Files (x86)\ArcGIS10.1\Lib\site-packages;C:\Windows\system32;C:\Windows;C:\Windows\System32\Wbem;C:\Windows\System32\WindowsPowerShell\v1.0\;C:\Program Files\nodejs\;C:\Program Files\Git\cmd;C:\Program Files\Statgraphics\STATGRAPHICS Centurion XVI.I\;C:\Program Files (x86)\Windows Kits\8.1\Windows Performance Toolkit\;C:\Users\Jose\AppData\Local\Microsoft\WindowsApps;C:\Users\Jose\AppData\Roaming\npm;C:\Program Files (x86)\Microsoft VS Code\bin;C:\Program Files\PostgreSQL\9.5\bin
160 verbose lifecycle matplotnode@0.1.3~install: CWD: C:\Users\Jose\Desktop\Practice\proceso\node\node_modules\matplotnode
161 silly lifecycle matplotnode@0.1.3~install: Args: [ '/d /s /c', 'node-gyp configure rebuild' ]
162 silly lifecycle matplotnode@0.1.3~install: Returned: code: 1  signal: null
163 info lifecycle matplotnode@0.1.3~install: Failed to exec install script
164 verbose unlock done using C:\Users\Jose\AppData\Roaming\npm-cache\_locks\staging-b6c5b2202164373e.lock for C:\Users\Jose\Desktop\Practice\proceso\node\node_modules\.staging
165 silly rollbackFailedOptional Starting
166 silly gentlyRm C:\Users\Jose\Desktop\Practice\proceso\node\node_modules\matplotnode is being purged from base C:\Users\Jose\Desktop\Practice\proceso\node
167 verbose gentlyRm don't care about contents; nuking C:\Users\Jose\Desktop\Practice\proceso\node\node_modules\matplotnode
168 silly gentlyRm C:\Users\Jose\Desktop\Practice\proceso\node\node_modules\matplotnode is being purged from base C:\Users\Jose\Desktop\Practice\proceso\node
169 verbose gentlyRm don't care about contents; nuking C:\Users\Jose\Desktop\Practice\proceso\node\node_modules\matplotnode
170 silly gentlyRm C:\Users\Jose\Desktop\Practice\proceso\node\node_modules\matplotnode is being purged from base C:\Users\Jose\Desktop\Practice\proceso\node
171 verbose gentlyRm don't care about contents; nuking C:\Users\Jose\Desktop\Practice\proceso\node\node_modules\matplotnode
172 silly gentlyRm C:\Users\Jose\Desktop\Practice\proceso\node\node_modules\matplotnode is being purged from base C:\Users\Jose\Desktop\Practice\proceso\node
173 verbose gentlyRm don't care about contents; nuking C:\Users\Jose\Desktop\Practice\proceso\node\node_modules\matplotnode
174 silly gentlyRm C:\Users\Jose\Desktop\Practice\proceso\node\node_modules\matplotnode is being purged from base C:\Users\Jose\Desktop\Practice\proceso\node
175 verbose gentlyRm don't care about contents; nuking C:\Users\Jose\Desktop\Practice\proceso\node\node_modules\matplotnode
176 silly gentlyRm C:\Users\Jose\Desktop\Practice\proceso\node\node_modules\matplotnode is being purged from base C:\Users\Jose\Desktop\Practice\proceso\node
177 verbose gentlyRm don't care about contents; nuking C:\Users\Jose\Desktop\Practice\proceso\node\node_modules\matplotnode
178 silly gentlyRm C:\Users\Jose\Desktop\Practice\proceso\node\node_modules\matplotnode is being purged from base C:\Users\Jose\Desktop\Practice\proceso\node
179 verbose gentlyRm don't care about contents; nuking C:\Users\Jose\Desktop\Practice\proceso\node\node_modules\matplotnode
180 silly gentlyRm C:\Users\Jose\Desktop\Practice\proceso\node\node_modules\matplotnode is being purged from base C:\Users\Jose\Desktop\Practice\proceso\node
181 verbose gentlyRm don't care about contents; nuking C:\Users\Jose\Desktop\Practice\proceso\node\node_modules\matplotnode
182 silly vacuum-fs purging C:\Users\Jose\Desktop\Practice\proceso\node\node_modules\matplotnode
183 silly vacuum-fs purging C:\Users\Jose\Desktop\Practice\proceso\node\node_modules\matplotnode
184 silly vacuum-fs purging C:\Users\Jose\Desktop\Practice\proceso\node\node_modules\matplotnode
185 silly vacuum-fs purging C:\Users\Jose\Desktop\Practice\proceso\node\node_modules\matplotnode
186 silly vacuum-fs purging C:\Users\Jose\Desktop\Practice\proceso\node\node_modules\matplotnode
187 silly vacuum-fs purging C:\Users\Jose\Desktop\Practice\proceso\node\node_modules\matplotnode
188 silly vacuum-fs purging C:\Users\Jose\Desktop\Practice\proceso\node\node_modules\matplotnode
189 silly vacuum-fs purging C:\Users\Jose\Desktop\Practice\proceso\node\node_modules\matplotnode
190 silly vacuum-fs quitting because other entries in C:\Users\Jose\Desktop\Practice\proceso\node\node_modules
191 silly vacuum-fs quitting because other entries in C:\Users\Jose\Desktop\Practice\proceso\node\node_modules
192 silly vacuum-fs quitting because other entries in C:\Users\Jose\Desktop\Practice\proceso\node\node_modules
193 silly vacuum-fs quitting because other entries in C:\Users\Jose\Desktop\Practice\proceso\node\node_modules
194 silly vacuum-fs quitting because other entries in C:\Users\Jose\Desktop\Practice\proceso\node\node_modules
195 silly vacuum-fs quitting because other entries in C:\Users\Jose\Desktop\Practice\proceso\node\node_modules
196 silly vacuum-fs quitting because other entries in C:\Users\Jose\Desktop\Practice\proceso\node\node_modules
197 silly vacuum-fs quitting because other entries in C:\Users\Jose\Desktop\Practice\proceso\node\node_modules
198 silly rollbackFailedOptional Finishing
199 silly runTopLevelLifecycles Finishing
200 silly install printInstalled
201 warn optional SKIPPING OPTIONAL DEPENDENCY: fsevents@^1.0.0 (node_modules\chokidar\node_modules\fsevents):
202 warn notsup SKIPPING OPTIONAL DEPENDENCY: Unsupported platform for fsevents@1.1.1: wanted {"os":"darwin","arch":"any"} (current: {"os":"win32","arch":"x64"})
203 verbose notsup SKIPPING OPTIONAL DEPENDENCY: Valid OS:    darwin
203 verbose notsup SKIPPING OPTIONAL DEPENDENCY: Valid Arch:  any
203 verbose notsup SKIPPING OPTIONAL DEPENDENCY: Actual OS:   win32
203 verbose notsup SKIPPING OPTIONAL DEPENDENCY: Actual Arch: x64
204 warn node@1.0.0 No description
205 verbose If you need help, you may report this error at:
205 verbose     <https://github.com/npm/npm/issues>
206 warn node@1.0.0 No repository field.
207 verbose If you need help, you may report this error at:
207 verbose     <https://github.com/npm/npm/issues>
208 verbose stack Error: matplotnode@0.1.3 install: `node-gyp configure rebuild`
208 verbose stack Exit status 1
208 verbose stack     at EventEmitter.<anonymous> (C:\Program Files\nodejs\node_modules\npm\lib\utils\lifecycle.js:279:16)
208 verbose stack     at emitTwo (events.js:106:13)
208 verbose stack     at EventEmitter.emit (events.js:192:7)
208 verbose stack     at ChildProcess.<anonymous> (C:\Program Files\nodejs\node_modules\npm\lib\utils\spawn.js:40:14)
208 verbose stack     at emitTwo (events.js:106:13)
208 verbose stack     at ChildProcess.emit (events.js:192:7)
208 verbose stack     at maybeClose (internal/child_process.js:890:16)
208 verbose stack     at Process.ChildProcess._handle.onexit (internal/child_process.js:226:5)
209 verbose pkgid matplotnode@0.1.3
210 verbose cwd C:\Users\Jose\Desktop\Practice\proceso\node
211 error Windows_NT 10.0.14393
212 error argv "C:\\Program Files\\nodejs\\node.exe" "C:\\Program Files\\nodejs\\node_modules\\npm\\bin\\npm-cli.js" "install" "--save" "matplotnode"
213 error node v7.6.0
214 error npm  v4.1.2
215 error code ELIFECYCLE
216 error matplotnode@0.1.3 install: `node-gyp configure rebuild`
216 error Exit status 1
217 error Failed at the matplotnode@0.1.3 install script 'node-gyp configure rebuild'.
217 error Make sure you have the latest version of node.js and npm installed.
217 error If you do, this is most likely a problem with the matplotnode package,
217 error not with npm itself.
217 error Tell the author that this fails on your system:
217 error     node-gyp configure rebuild
217 error You can get information on how to open an issue for this project with:
217 error     npm bugs matplotnode
217 error Or if that isn't available, you can get their info via:
217 error     npm owner ls matplotnode
217 error There is likely additional logging output above.
218 verbose exit [ 1, true ]
